{"/Users/joel/projetos/presto-ts/src/index.ts": {"path":"/Users/joel/projetos/presto-ts/src/index.ts","statementMap":{"0":{"start":{"line":1,"column":0},"end":{"line":1,"column":31}},"1":{"start":{"line":2,"column":0},"end":{"line":2,"column":50}},"2":{"start":{"line":3,"column":0},"end":{"line":3,"column":55}},"3":{"start":{"line":4,"column":0},"end":{"line":4,"column":51}},"4":{"start":{"line":5,"column":0},"end":{"line":5,"column":49}}},"fnMap":{},"branchMap":{},"s":{"0":2,"1":2,"2":2,"3":2,"4":2},"f":{},"b":{}}
,"/Users/joel/projetos/presto-ts/src/Presto/presto.contants.ts": {"path":"/Users/joel/projetos/presto-ts/src/Presto/presto.contants.ts","statementMap":{"0":{"start":{"line":1,"column":13},"end":{"line":1,"column":null}},"1":{"start":{"line":2,"column":0},"end":{"line":2,"column":null}},"2":{"start":{"line":3,"column":4},"end":{"line":3,"column":null}},"3":{"start":{"line":4,"column":4},"end":{"line":4,"column":null}}},"fnMap":{"0":{"name":"(anonymous_0)","decl":{"start":{"line":2,"column":0},"end":{"line":2,"column":12}},"loc":{"start":{"line":2,"column":30},"end":{"line":5,"column":1}}}},"branchMap":{"0":{"loc":{"start":{"line":2,"column":12},"end":{"line":2,"column":30}},"type":"binary-expr","locations":[{"start":{"line":2,"column":12},"end":{"line":2,"column":30}},{"start":{"line":2,"column":12},"end":{"line":2,"column":null}}]}},"s":{"0":3,"1":3,"2":3,"3":3},"f":{"0":3},"b":{"0":[3,3]}}
,"/Users/joel/projetos/presto-ts/src/Presto/presto.ts": {"path":"/Users/joel/projetos/presto-ts/src/Presto/presto.ts","statementMap":{"0":{"start":{"line":1,"column":0},"end":{"line":1,"column":65}},"1":{"start":{"line":3,"column":0},"end":{"line":3,"column":60}},"2":{"start":{"line":4,"column":0},"end":{"line":4,"column":29}},"3":{"start":{"line":5,"column":0},"end":{"line":5,"column":31}},"4":{"start":{"line":7,"column":0},"end":{"line":7,"column":57}},"5":{"start":{"line":8,"column":0},"end":{"line":8,"column":78}},"6":{"start":{"line":10,"column":0},"end":{"line":10,"column":13}},"7":{"start":{"line":12,"column":33},"end":{"line":12,"column":58}},"8":{"start":{"line":12,"column":77},"end":{"line":12,"column":113}},"9":{"start":{"line":15,"column":18},"end":{"line":31,"column":null}},"10":{"start":{"line":17,"column":8},"end":{"line":30,"column":11}},"11":{"start":{"line":34,"column":17},"end":{"line":43,"column":null}},"12":{"start":{"line":36,"column":19},"end":{"line":36,"column":null}},"13":{"start":{"line":36,"column":12},"end":{"line":36,"column":null}},"14":{"start":{"line":39,"column":12},"end":{"line":39,"column":51}},"15":{"start":{"line":45,"column":18},"end":{"line":66,"column":null}},"16":{"start":{"line":48,"column":28},"end":{"line":48,"column":null}},"17":{"start":{"line":48,"column":18},"end":{"line":48,"column":null}},"18":{"start":{"line":49,"column":16},"end":{"line":49,"column":null}},"19":{"start":{"line":50,"column":18},"end":{"line":50,"column":null}},"20":{"start":{"line":52,"column":27},"end":{"line":52,"column":41}},"21":{"start":{"line":53,"column":25},"end":{"line":53,"column":81}},"22":{"start":{"line":53,"column":18},"end":{"line":53,"column":null}},"23":{"start":{"line":54,"column":25},"end":{"line":54,"column":56}},"24":{"start":{"line":54,"column":18},"end":{"line":54,"column":null}},"25":{"start":{"line":52,"column":12},"end":{"line":54,"column":null}},"26":{"start":{"line":56,"column":19},"end":{"line":56,"column":65}},"27":{"start":{"line":56,"column":12},"end":{"line":56,"column":65}},"28":{"start":{"line":60,"column":12},"end":{"line":60,"column":null}},"29":{"start":{"line":61,"column":12},"end":{"line":61,"column":44}},"30":{"start":{"line":62,"column":12},"end":{"line":62,"column":51}},"31":{"start":{"line":68,"column":18},"end":{"line":81,"column":null}},"32":{"start":{"line":71,"column":8},"end":{"line":78,"column":null}},"33":{"start":{"line":73,"column":12},"end":{"line":73,"column":null}},"34":{"start":{"line":76,"column":12},"end":{"line":76,"column":51}},"35":{"start":{"line":77,"column":12},"end":{"line":77,"column":null}},"36":{"start":{"line":83,"column":12},"end":{"line":88,"column":null}},"37":{"start":{"line":83,"column":4},"end":{"line":83,"column":12}},"38":{"start":{"line":84,"column":8},"end":{"line":86,"column":44}},"39":{"start":{"line":84,"column":19},"end":{"line":86,"column":11}},"40":{"start":{"line":85,"column":12},"end":{"line":85,"column":63}},"41":{"start":{"line":90,"column":0},"end":{"line":90,"column":null}},"42":{"start":{"line":10,"column":13},"end":{"line":10,"column":19}}},"fnMap":{"0":{"name":"(anonymous_13)","decl":{"start":{"line":10,"column":0},"end":{"line":10,"column":13}},"loc":{"start":{"line":10,"column":0},"end":{"line":90,"column":null}}},"1":{"name":"Presto","decl":{"start":{"line":12,"column":4},"end":{"line":12,"column":33}},"loc":{"start":{"line":12,"column":113},"end":{"line":12,"column":117}}},"2":{"name":"(anonymous_15)","decl":{"start":{"line":15,"column":4},"end":{"line":15,"column":18}},"loc":{"start":{"line":15,"column":4},"end":{"line":31,"column":null}}},"3":{"name":"(anonymous_18)","decl":{"start":{"line":34,"column":4},"end":{"line":34,"column":17}},"loc":{"start":{"line":34,"column":4},"end":{"line":43,"column":null}}},"4":{"name":"(anonymous_21)","decl":{"start":{"line":45,"column":4},"end":{"line":45,"column":18}},"loc":{"start":{"line":45,"column":80},"end":{"line":66,"column":null}}},"5":{"name":"(anonymous_24)","decl":{"start":{"line":68,"column":4},"end":{"line":68,"column":18}},"loc":{"start":{"line":68,"column":67},"end":{"line":81,"column":null}}},"6":{"name":"(anonymous_27)","decl":{"start":{"line":83,"column":4},"end":{"line":83,"column":12}},"loc":{"start":{"line":83,"column":44},"end":{"line":88,"column":5}}},"7":{"name":"(anonymous_28)","decl":{"start":{"line":84,"column":19},"end":{"line":84,"column":null}},"loc":{"start":{"line":84,"column":19},"end":{"line":86,"column":11}}}},"branchMap":{"0":{"loc":{"start":{"line":27,"column":38},"end":{"line":27,"column":59}},"type":"binary-expr","locations":[{"start":{"line":27,"column":38},"end":{"line":27,"column":59}},{"start":{"line":27,"column":65},"end":{"line":27,"column":67}}]},"1":{"loc":{"start":{"line":28,"column":40},"end":{"line":28,"column":61}},"type":"binary-expr","locations":[{"start":{"line":28,"column":40},"end":{"line":28,"column":61}},{"start":{"line":28,"column":65},"end":{"line":28,"column":67}}]},"2":{"loc":{"start":{"line":36,"column":12},"end":{"line":36,"column":null}},"type":"switch","locations":[{"start":{"line":36,"column":12},"end":{"line":36,"column":null}}]},"3":{"loc":{"start":{"line":53,"column":18},"end":{"line":53,"column":null}},"type":"switch","locations":[{"start":{"line":53,"column":18},"end":{"line":53,"column":null}},{"start":{"line":54,"column":25},"end":{"line":54,"column":56}},{"start":{"line":54,"column":18},"end":{"line":54,"column":null}},{"start":{"line":56,"column":12},"end":{"line":56,"column":65}}]},"4":{"loc":{"start":{"line":52,"column":27},"end":{"line":52,"column":41}},"type":"if","locations":[{"start":{"line":52,"column":27},"end":{"line":52,"column":41}},{"start":{"line":52,"column":27},"end":{"line":52,"column":41}}]},"5":{"loc":{"start":{"line":71,"column":8},"end":{"line":78,"column":null}},"type":"if","locations":[{"start":{"line":71,"column":8},"end":{"line":78,"column":null}},{"start":{"line":71,"column":8},"end":{"line":78,"column":null}}]},"6":{"loc":{"start":{"line":71,"column":12},"end":{"line":71,"column":61}},"type":"binary-expr","locations":[{"start":{"line":71,"column":12},"end":{"line":71,"column":61}},{"start":{"line":71,"column":65},"end":{"line":71,"column":85}}]}},"s":{"0":3,"1":3,"2":3,"3":3,"4":3,"5":3,"6":3,"7":2,"8":2,"9":3,"10":1,"11":3,"12":1,"13":0,"14":0,"15":3,"16":1,"17":1,"18":1,"19":1,"20":1,"21":1,"22":0,"23":0,"24":0,"25":0,"26":0,"27":0,"28":0,"29":0,"30":0,"31":3,"32":0,"33":0,"34":0,"35":0,"36":3,"37":0,"38":0,"39":0,"40":0,"41":3,"42":3},"f":{"0":3,"1":2,"2":1,"3":1,"4":1,"5":0,"6":0,"7":0},"b":{"0":[1,1],"1":[1,1],"2":[0],"3":[0,0,0,0],"4":[0,1],"5":[0,0],"6":[0,0]}}
,"/Users/joel/projetos/presto-ts/src/Presto/interfaces/presto.headers.ts": {"path":"/Users/joel/projetos/presto-ts/src/Presto/interfaces/presto.headers.ts","statementMap":{"0":{"start":{"line":1,"column":0},"end":{"line":1,"column":null}},"1":{"start":{"line":2,"column":4},"end":{"line":2,"column":null}},"2":{"start":{"line":3,"column":4},"end":{"line":3,"column":null}},"3":{"start":{"line":4,"column":4},"end":{"line":4,"column":null}},"4":{"start":{"line":5,"column":4},"end":{"line":5,"column":null}},"5":{"start":{"line":6,"column":4},"end":{"line":6,"column":null}},"6":{"start":{"line":7,"column":4},"end":{"line":7,"column":null}},"7":{"start":{"line":8,"column":4},"end":{"line":8,"column":null}},"8":{"start":{"line":9,"column":4},"end":{"line":9,"column":null}},"9":{"start":{"line":10,"column":4},"end":{"line":10,"column":null}},"10":{"start":{"line":11,"column":4},"end":{"line":11,"column":null}},"11":{"start":{"line":12,"column":4},"end":{"line":12,"column":null}},"12":{"start":{"line":13,"column":4},"end":{"line":13,"column":null}}},"fnMap":{"0":{"name":"(anonymous_0)","decl":{"start":{"line":1,"column":0},"end":{"line":1,"column":12}},"loc":{"start":{"line":1,"column":25},"end":{"line":14,"column":1}}}},"branchMap":{"0":{"loc":{"start":{"line":1,"column":12},"end":{"line":1,"column":25}},"type":"binary-expr","locations":[{"start":{"line":1,"column":12},"end":{"line":1,"column":25}},{"start":{"line":1,"column":12},"end":{"line":1,"column":null}}]}},"s":{"0":3,"1":3,"2":3,"3":3,"4":3,"5":3,"6":3,"7":3,"8":3,"9":3,"10":3,"11":3,"12":3},"f":{"0":3},"b":{"0":[3,3]}}
,"/Users/joel/projetos/presto-ts/src/Presto/interfaces/presto.status.ts": {"path":"/Users/joel/projetos/presto-ts/src/Presto/interfaces/presto.status.ts","statementMap":{"0":{"start":{"line":1,"column":0},"end":{"line":1,"column":null}},"1":{"start":{"line":2,"column":4},"end":{"line":2,"column":null}},"2":{"start":{"line":3,"column":4},"end":{"line":3,"column":null}},"3":{"start":{"line":4,"column":4},"end":{"line":4,"column":null}},"4":{"start":{"line":5,"column":4},"end":{"line":5,"column":null}},"5":{"start":{"line":6,"column":4},"end":{"line":6,"column":null}},"6":{"start":{"line":7,"column":4},"end":{"line":7,"column":null}},"7":{"start":{"line":8,"column":4},"end":{"line":8,"column":null}}},"fnMap":{"0":{"name":"(anonymous_0)","decl":{"start":{"line":1,"column":0},"end":{"line":1,"column":12}},"loc":{"start":{"line":1,"column":23},"end":{"line":9,"column":1}}}},"branchMap":{"0":{"loc":{"start":{"line":1,"column":12},"end":{"line":1,"column":23}},"type":"binary-expr","locations":[{"start":{"line":1,"column":12},"end":{"line":1,"column":23}},{"start":{"line":1,"column":12},"end":{"line":1,"column":null}}]}},"s":{"0":3,"1":3,"2":3,"3":3,"4":3,"5":3,"6":3,"7":3},"f":{"0":3},"b":{"0":[3,3]}}
}
