TN:
SF:src/index.ts
FNF:0
FNH:0
DA:1,2
DA:2,2
DA:3,2
DA:4,2
DA:5,2
LF:5
LH:5
BRF:0
BRH:0
end_of_record
TN:
SF:src/Presto/presto.contants.ts
FN:2,(anonymous_0)
FNF:1
FNH:1
FNDA:3,(anonymous_0)
DA:1,3
DA:2,3
DA:3,3
DA:4,3
LF:4
LH:4
BRDA:2,0,0,3
BRDA:2,0,1,3
BRF:2
BRH:2
end_of_record
TN:
SF:src/Presto/presto.ts
FN:10,(anonymous_13)
FN:12,Presto
FN:15,(anonymous_15)
FN:34,(anonymous_18)
FN:45,(anonymous_21)
FN:68,(anonymous_24)
FN:83,(anonymous_27)
FN:84,(anonymous_28)
FNF:8
FNH:5
FNDA:3,(anonymous_13)
FNDA:2,Presto
FNDA:1,(anonymous_15)
FNDA:1,(anonymous_18)
FNDA:1,(anonymous_21)
FNDA:0,(anonymous_24)
FNDA:0,(anonymous_27)
FNDA:0,(anonymous_28)
DA:1,3
DA:3,3
DA:4,3
DA:5,3
DA:7,3
DA:8,3
DA:10,3
DA:12,2
DA:15,3
DA:17,1
DA:34,3
DA:36,1
DA:39,0
DA:45,3
DA:48,1
DA:49,1
DA:50,1
DA:52,1
DA:53,1
DA:54,0
DA:56,0
DA:60,0
DA:61,0
DA:62,0
DA:68,3
DA:71,0
DA:73,0
DA:76,0
DA:77,0
DA:83,3
DA:84,0
DA:85,0
DA:90,3
LF:33
LH:21
BRDA:27,0,0,1
BRDA:27,0,1,1
BRDA:28,1,0,1
BRDA:28,1,1,1
BRDA:36,2,0,0
BRDA:53,3,0,0
BRDA:53,3,1,0
BRDA:53,3,2,0
BRDA:53,3,3,0
BRDA:52,4,0,0
BRDA:52,4,1,1
BRDA:71,5,0,0
BRDA:71,5,1,0
BRDA:71,6,0,0
BRDA:71,6,1,0
BRF:15
BRH:5
end_of_record
TN:
SF:src/Presto/interfaces/presto.headers.ts
FN:1,(anonymous_0)
FNF:1
FNH:1
FNDA:3,(anonymous_0)
DA:1,3
DA:2,3
DA:3,3
DA:4,3
DA:5,3
DA:6,3
DA:7,3
DA:8,3
DA:9,3
DA:10,3
DA:11,3
DA:12,3
DA:13,3
LF:13
LH:13
BRDA:1,0,0,3
BRDA:1,0,1,3
BRF:2
BRH:2
end_of_record
TN:
SF:src/Presto/interfaces/presto.status.ts
FN:1,(anonymous_0)
FNF:1
FNH:1
FNDA:3,(anonymous_0)
DA:1,3
DA:2,3
DA:3,3
DA:4,3
DA:5,3
DA:6,3
DA:7,3
DA:8,3
LF:8
LH:8
BRDA:1,0,0,3
BRDA:1,0,1,3
BRF:2
BRH:2
end_of_record
