TN:
SF:src/index.ts
FNF:0
FNH:0
DA:1,1
DA:2,1
DA:3,1
DA:4,1
DA:5,1
LF:5
LH:5
BRF:0
BRH:0
end_of_record
TN:
SF:src/Presto/presto.contants.ts
FN:2,(anonymous_0)
FNF:1
FNH:1
FNDA:2,(anonymous_0)
DA:1,2
DA:2,2
DA:3,2
DA:4,2
LF:4
LH:4
BRDA:2,0,0,2
BRDA:2,0,1,2
BRF:2
BRH:2
end_of_record
TN:
SF:src/Presto/presto.ts
FN:10,(anonymous_13)
FN:12,Presto
FN:15,(anonymous_15)
FN:34,(anonymous_18)
FN:45,(anonymous_21)
FN:67,(anonymous_24)
FN:82,(anonymous_27)
FN:83,(anonymous_28)
FNF:8
FNH:5
FNDA:2,(anonymous_13)
FNDA:2,Presto
FNDA:1,(anonymous_15)
FNDA:1,(anonymous_18)
FNDA:1,(anonymous_21)
FNDA:0,(anonymous_24)
FNDA:0,(anonymous_27)
FNDA:0,(anonymous_28)
DA:1,2
DA:3,2
DA:4,2
DA:5,2
DA:7,2
DA:8,2
DA:10,2
DA:12,2
DA:15,2
DA:17,1
DA:34,2
DA:36,1
DA:39,0
DA:45,2
DA:48,1
DA:49,1
DA:50,1
DA:52,1
DA:53,1
DA:54,0
DA:56,0
DA:60,0
DA:61,0
DA:67,2
DA:70,0
DA:72,0
DA:75,0
DA:76,0
DA:82,2
DA:83,0
DA:84,0
DA:89,2
LF:32
LH:21
BRDA:27,0,0,1
BRDA:27,0,1,1
BRDA:28,1,0,1
BRDA:28,1,1,1
BRDA:36,2,0,0
BRDA:53,3,0,0
BRDA:53,3,1,0
BRDA:53,3,2,0
BRDA:53,3,3,0
BRDA:52,4,0,0
BRDA:52,4,1,1
BRDA:70,5,0,0
BRDA:70,5,1,0
BRDA:70,6,0,0
BRDA:70,6,1,0
BRF:15
BRH:5
end_of_record
TN:
SF:src/Presto/interfaces/presto.headers.ts
FN:1,(anonymous_0)
FNF:1
FNH:1
FNDA:2,(anonymous_0)
DA:1,2
DA:2,2
DA:3,2
DA:4,2
DA:5,2
DA:6,2
DA:7,2
DA:8,2
DA:9,2
DA:10,2
DA:11,2
DA:12,2
DA:13,2
LF:13
LH:13
BRDA:1,0,0,2
BRDA:1,0,1,2
BRF:2
BRH:2
end_of_record
TN:
SF:src/Presto/interfaces/presto.status.ts
FN:1,(anonymous_0)
FNF:1
FNH:1
FNDA:2,(anonymous_0)
DA:1,2
DA:2,2
DA:3,2
DA:4,2
DA:5,2
DA:6,2
DA:7,2
DA:8,2
LF:8
LH:8
BRDA:1,0,0,2
BRDA:1,0,1,2
BRF:2
BRH:2
end_of_record
